Removed Pin From Net: NetName=RE&DE Pin=DD5-70
Added Component: Designator=C?(0603C)
Add component (AddParameter): Name = "Capacity (nF)"; Value = "100"; VariantName = "[No Variations]"
Add component (AddParameter): Name = "Case"; Value = ""; VariantName = "[No Variations]"
Add component (AddParameter): Name = "Datasheet"; Value = ""; VariantName = "[No Variations]"
Add component (AddParameter): Name = "Dielectric"; Value = "X7R"; VariantName = "[No Variations]"
Add component (AddParameter): Name = "Manufactore"; Value = ""; VariantName = "[No Variations]"
Add component (AddParameter): Name = "Notice"; Value = ""; VariantName = "[No Variations]"
Add component (AddParameter): Name = "Part Number"; Value = "Capacitor_0,1u_10_50V_X7R_0603C"; VariantName = "[No Variations]"
Add component (AddParameter): Name = "Rate"; Value = ""; VariantName = "[No Variations]"
Add component (AddParameter): Name = "Shop"; Value = ""; VariantName = "[No Variations]"
Add component (AddParameter): Name = "Tolerance"; Value = "10%"; VariantName = "[No Variations]"
Add component (AddParameter): Name = "Value"; Value = "0,1 ěę"; VariantName = "[No Variations]"
Add component (AddParameter): Name = "Voltage (V)"; Value = "50"; VariantName = "[No Variations]"
Added Component: Designator=DD?(SOT23-8)
Add component (AddParameter): Name = "Datasheet"; Value = "https://static.chipdip.ru/lib/876/DOC015876362.pdf"; VariantName = "[No Variations]"
Add component (AddParameter): Name = "Part Number"; Value = "MAX3051EKA+T"; VariantName = "[No Variations]"
Add component (AddParameter): Name = "Ŕâňîđ"; Value = "glebmih"; VariantName = "[No Variations]"
Added Component: Designator=R?(0603R)
Add component (AddParameter): Name = "Case"; Value = ""; VariantName = "[No Variations]"
Add component (AddParameter): Name = "Datasheet"; Value = ""; VariantName = "[No Variations]"
Add component (AddParameter): Name = "Manufactore"; Value = ""; VariantName = "[No Variations]"
Add component (AddParameter): Name = "Notice"; Value = ""; VariantName = "[No Variations]"
Add component (AddParameter): Name = "Part Number"; Value = "Resistor_3.3_1_0603"; VariantName = "[No Variations]"
Add component (AddParameter): Name = "Power"; Value = ""; VariantName = "[No Variations]"
Add component (AddParameter): Name = "Rate"; Value = ""; VariantName = "[No Variations]"
Add component (AddParameter): Name = "Shop"; Value = ""; VariantName = "[No Variations]"
Add component (AddParameter): Name = "Tolerance"; Value = "1%"; VariantName = "[No Variations]"
Add component (AddParameter): Name = "Value"; Value = "3,3"; VariantName = "[No Variations]"
Added Pin To Net: NetName=GND Pin=C?-1
Added Pin To Net: NetName=+5Â Pin=C?-2
Added Pin To Net: NetName=RE&DE Pin=DD5-66
Added Pin To Net: NetName=GND Pin=DD?-2
Added Pin To Net: NetName=+5Â Pin=DD?-3
Added Pin To Net: NetName=RS485_6_P Pin=DD?-6
Added Pin To Net: NetName=RS485_6_N Pin=DD?-7
Added Pin To Net: NetName=GND Pin=R?-1
Change Net Color : Old Net Color=RGB(158, 161, 117) New Net Color=RGB(110, 255, 110)
Change Net Color : Old Net Color=RGB(158, 161, 117) New Net Color=RGB(110, 255, 110)
Added Pin To Net: NetName=CAN_RX Pin=DD5-70
Added Pin To Net: NetName=CAN_RX Pin=DD?-1
Added Net: Name=CAN_RX
Added Pin To Net: NetName=CAN_TX Pin=DD5-71
Added Pin To Net: NetName=CAN_TX Pin=DD?-4
Added Net: Name=CAN_TX
Added Pin To Net: NetName=NetDD?_8 Pin=DD?-8
Added Pin To Net: NetName=NetDD?_8 Pin=R?-2
Added Net: Name=NetDD?_8
Added Pin To Net: NetName=NetVD5_1 Pin=VD5-1
Added Pin To Net: NetName=NetVD5_1 Pin=XP3-3
Added Net: Name=NetVD5_1
Added Pin To Net: NetName=NetVD5_6 Pin=VD5-6
Added Pin To Net: NetName=NetVD5_6 Pin=XP3-2
Added Net: Name=NetVD5_6
Added Pin To Net: NetName=SWCLOCK_4 Pin=DD5-76
Added Net: Name=SWCLOCK_4
Added Pin To Net: NetName=SWDIO_4 Pin=DD5-72
Added Net: Name=SWDIO_4
Added Member To Class: ClassName=Connectors Member=Component C? Capacitor
Added Member To Class: ClassName=Connectors Member=Component DD? MAX3051EKA+T
Added Member To Class: ClassName=Connectors Member=Component R? Resistor
