Added Component: Designator=R?(2512R)
Add component (AddParameter): Name = "Case"; Value = ""; VariantName = "[No Variations]"
Add component (AddParameter): Name = "Datasheet"; Value = ""; VariantName = "[No Variations]"
Add component (AddParameter): Name = "Manufactore"; Value = ""; VariantName = "[No Variations]"
Add component (AddParameter): Name = "Notice"; Value = ""; VariantName = "[No Variations]"
Add component (AddParameter): Name = "Part Number"; Value = "Resistor_68_1_2512"; VariantName = "[No Variations]"
Add component (AddParameter): Name = "Power"; Value = ""; VariantName = "[No Variations]"
Add component (AddParameter): Name = "Rate"; Value = ""; VariantName = "[No Variations]"
Add component (AddParameter): Name = "Shop"; Value = ""; VariantName = "[No Variations]"
Add component (AddParameter): Name = "Tolerance"; Value = "1%"; VariantName = "[No Variations]"
Add component (AddParameter): Name = "Value"; Value = "68"; VariantName = "[No Variations]"
Add component (AddParameter): Name = "└Ō“Ņ­"; Value = "glebmih"; VariantName = "[No Variations]"
Added Component: Designator=R?(2512R)
Add component (AddParameter): Name = "Case"; Value = ""; VariantName = "[No Variations]"
Add component (AddParameter): Name = "Datasheet"; Value = ""; VariantName = "[No Variations]"
Add component (AddParameter): Name = "Manufactore"; Value = ""; VariantName = "[No Variations]"
Add component (AddParameter): Name = "Notice"; Value = ""; VariantName = "[No Variations]"
Add component (AddParameter): Name = "Part Number"; Value = "Resistor_68_1_2512"; VariantName = "[No Variations]"
Add component (AddParameter): Name = "Power"; Value = ""; VariantName = "[No Variations]"
Add component (AddParameter): Name = "Rate"; Value = ""; VariantName = "[No Variations]"
Add component (AddParameter): Name = "Shop"; Value = ""; VariantName = "[No Variations]"
Add component (AddParameter): Name = "Tolerance"; Value = "1%"; VariantName = "[No Variations]"
Add component (AddParameter): Name = "Value"; Value = "68"; VariantName = "[No Variations]"
Add component (AddParameter): Name = "└Ō“Ņ­"; Value = "glebmih"; VariantName = "[No Variations]"
Add Net: Net with name "NetDD?_3" already exists
Add Net: Net with name "NetDD?_4" already exists
Add Net: Net with name "NetDD?_5" already exists
Add Net: Net with name "NetDD?_6" already exists
Add Net: Net with name "NetDD?_8" already exists
Added Pin To Net: NetName=NetL?_9 Pin=L?-9
Added Pin To Net: NetName=NetL?_9 Pin=R?-1
Added Pin To Net: NetName=NetL?_9 Pin=R?-1
Added Net: Name=NetL?_9
Add Net: Net with name "NetR?_2" already exists
Add Net: Net with name "NetR?_2" already exists
Add Net: Net with name "NetR?_2" already exists
Add Net: Net with name "NetR?_2" already exists
Added Member To Class: ClassName=HV_amplifier Member=Component C? Capacitor
Added Member To Class: ClassName=HV_amplifier Member=Component DD? UCC27211
Added Member To Class: ClassName=HV_amplifier Member=Component R? Resistor
Added Member To Class: ClassName=HV_amplifier Member=Component R? Resistor
Added Member To Class: ClassName=HV_amplifier Member=Component R? Resistor
Added Member To Class: ClassName=HV_amplifier Member=Component R? Resistor
Added Member To Class: ClassName=HV_amplifier Member=Component R? Resistor
Added Member To Class: ClassName=HV_amplifier Member=Component R? Resistor
Added Member To Class: ClassName=HV_amplifier Member=Component R? Resistor
Added Member To Class: ClassName=HV_amplifier Member=Component R? Resistor
Added Member To Class: ClassName=HV_amplifier Member=Component R? Resistor
Added Member To Class: ClassName=HV_amplifier Member=Component R? Resistor
Added Member To Class: ClassName=HV_amplifier Member=Component R? Resistor
Added Member To Class: ClassName=HV_amplifier Member=Component R? Resistor
Added Member To Class: ClassName=HV_amplifier Member=Component R? Resistor
Added Member To Class: ClassName=HV_amplifier Member=Component VT? CSD18534Q5A
Added Member To Class: ClassName=HV_amplifier Member=Component VT? CSD18534Q5A
Added Member To Class: ClassName=HV_amplifier Member=Component VT? CSD18534Q5A
