Removed Member From Class: ClassName=Designator Member=C34
Removed Member From Class: ClassName=Designator Member=C35
Removed Member From Class: ClassName=Designator Member=C36
Removed Member From Class: ClassName=Designator Member=C37
Removed Member From Class: ClassName=Designator Member=C38
Removed Member From Class: ClassName=Designator Member=C39
Removed Member From Class: ClassName=Designator Member=C40
Removed Member From Class: ClassName=Designator Member=C41
Removed Member From Class: ClassName=Designator Member=C42
Removed Member From Class: ClassName=Designator Member=C43
Removed Member From Class: ClassName=Designator Member=C44
Removed Member From Class: ClassName=Designator Member=C45
Removed Member From Class: ClassName=Designator Member=C46
Removed Member From Class: ClassName=Designator Member=C47
Removed Member From Class: ClassName=Designator Member=C48
Removed Member From Class: ClassName=Designator Member=C49
Removed Member From Class: ClassName=Designator Member=C50
Removed Member From Class: ClassName=Designator Member=C51
Removed Member From Class: ClassName=Designator Member=C52
Removed Member From Class: ClassName=Designator Member=C53
Removed Member From Class: ClassName=Designator Member=C54
Removed Member From Class: ClassName=Designator Member=C55
Removed Member From Class: ClassName=Designator Member=C56
Removed Member From Class: ClassName=Designator Member=C57
Removed Member From Class: ClassName=Designator Member=C58
Removed Member From Class: ClassName=Designator Member=C59
Removed Member From Class: ClassName=Designator Member=C60
Removed Member From Class: ClassName=Designator Member=C61
Removed Member From Class: ClassName=Designator Member=C62
Removed Member From Class: ClassName=Designator Member=C63
Removed Member From Class: ClassName=Designator Member=C64
Removed Member From Class: ClassName=Designator Member=C65
Removed Member From Class: ClassName=Designator Member=C66
Removed Member From Class: ClassName=Designator Member=C67
Removed Member From Class: ClassName=Designator Member=D1
Removed Member From Class: ClassName=Designator Member=DA2
Removed Member From Class: ClassName=Designator Member=DA3
Removed Member From Class: ClassName=Designator Member=DA4
Removed Member From Class: ClassName=Designator Member=DA5
Removed Member From Class: ClassName=Designator Member=DD5
Removed Member From Class: ClassName=Designator Member=DD6
Removed Member From Class: ClassName=Designator Member=FB1
Removed Member From Class: ClassName=Designator Member=HL1
Removed Member From Class: ClassName=Designator Member=HL2
Removed Member From Class: ClassName=Designator Member=HL3
Removed Member From Class: ClassName=Designator Member=HL4
Removed Member From Class: ClassName=Designator Member=L2
Removed Member From Class: ClassName=Designator Member=L3
Removed Member From Class: ClassName=Designator Member=R32
Removed Member From Class: ClassName=Designator Member=R33
Removed Member From Class: ClassName=Designator Member=R34
Removed Member From Class: ClassName=Designator Member=R35
Removed Member From Class: ClassName=Designator Member=R36
Removed Member From Class: ClassName=Designator Member=R37
Removed Member From Class: ClassName=Designator Member=R38
Removed Member From Class: ClassName=Designator Member=R39
Removed Member From Class: ClassName=Designator Member=R40
Removed Member From Class: ClassName=Designator Member=R41
Removed Member From Class: ClassName=Designator Member=R42
Removed Member From Class: ClassName=Designator Member=R43
Removed Member From Class: ClassName=Designator Member=R44
Removed Member From Class: ClassName=Designator Member=R45
Removed Member From Class: ClassName=Designator Member=R46
Removed Member From Class: ClassName=Designator Member=R47
Removed Member From Class: ClassName=Designator Member=R48
Removed Member From Class: ClassName=Designator Member=R49
Removed Member From Class: ClassName=Designator Member=R50
Removed Member From Class: ClassName=Designator Member=R51
Removed Member From Class: ClassName=Designator Member=R52
Removed Member From Class: ClassName=Designator Member=R53
Removed Member From Class: ClassName=Designator Member=R54
Removed Member From Class: ClassName=Designator Member=R55
Removed Member From Class: ClassName=Designator Member=R56
Removed Member From Class: ClassName=Designator Member=S1
Removed Member From Class: ClassName=Designator Member=S2
Removed Member From Class: ClassName=Designator Member=VD4
Removed Member From Class: ClassName=Designator Member=VD5
Removed Member From Class: ClassName=Designator Member=VD6
Removed Member From Class: ClassName=Designator Member=VD7
Removed Member From Class: ClassName=Designator Member=VT5
Removed Member From Class: ClassName=Designator Member=VT6
Removed Member From Class: ClassName=Designator Member=XP1
Removed Member From Class: ClassName=Designator Member=XP2
Removed Member From Class: ClassName=Designator Member=XP3
Removed Member From Class: ClassName=Designator Member=XP4
Removed Member From Class: ClassName=Designator Member=XP5
Removed Member From Class: ClassName=Designator Member=XP6
Removed Member From Class: ClassName=Designator Member=XP7
Removed Member From Class: ClassName=Designator Member=XP8
Removed Member From Class: ClassName=Designator Member=ZQ1
Change Component Footprint: Designator=XP2 Old Footprint=CWF-2 New Footprint=CWF-2
Change Component Footprint: Designator=XP4 Old Footprint=CWF-2 New Footprint=CWF-2
Change Component Footprint: Designator=XP5 Old Footprint=CWF-2 New Footprint=CWF-2
Change Component Footprint: Designator=XP6 Old Footprint=CWF-2 New Footprint=CWF-2
Change Component Footprint: Designator=XP7 Old Footprint=CWF-2 New Footprint=CWF-2
Change Component Footprint: Designator=XP8 Old Footprint=CWF-2 New Footprint=CWF-2
Add component: Footprint Not Found 1206C
Add component: Footprint Not Found 1206C
Add component: Footprint Not Found 1206C
Add component: Footprint Not Found 1206C
Add component: Footprint Not Found 0603C
Add component: Footprint Not Found 0603C
Add component: Footprint Not Found 0603C
Add component: Footprint Not Found 0603C
Add component: Footprint Not Found 0603C
Add component: Footprint Not Found 0603C
Add component: Footprint Not Found 0603C
Add component: Footprint Not Found 0603C
Add Pin To Net: Unknown Pin: Pin C19_1-2
Add Pin To Net: Unknown Pin: Pin C19_2-2
Add Pin To Net: Unknown Pin: Pin C19_3-2
Add Pin To Net: Unknown Pin: Pin C19_4-2
Add Pin To Net: Unknown Pin: Pin C21_1-1
Add Pin To Net: Unknown Pin: Pin C21_1-2
Add Pin To Net: Unknown Pin: Pin C21_2-1
Add Pin To Net: Unknown Pin: Pin C21_2-2
Add Pin To Net: Unknown Pin: Pin C21_3-1
Add Pin To Net: Unknown Pin: Pin C21_3-2
Add Pin To Net: Unknown Pin: Pin C21_4-1
Add Pin To Net: Unknown Pin: Pin C21_4-2
Add Pin To Net: Unknown Pin: Pin C27_1-1
Add Pin To Net: Unknown Pin: Pin C27_1-2
Add Pin To Net: Unknown Pin: Pin C27_2-1
Add Pin To Net: Unknown Pin: Pin C27_2-2
Add Pin To Net: Unknown Pin: Pin C27_3-1
Add Pin To Net: Unknown Pin: Pin C27_3-2
Add Pin To Net: Unknown Pin: Pin C27_4-1
Add Pin To Net: Unknown Pin: Pin C27_4-2
Change Net Name : Old Net Name=ADC 1 New Net Name=OUT1
Change Net Name : Old Net Name=ADC 2 New Net Name=OUT2
Change Net Name : Old Net Name=ADC 3 New Net Name=OUT3
Change Net Name : Old Net Name=ADC 4 New Net Name=OUT4
Added Net: Name=IN1
Added Net: Name=IN2
Added Net: Name=IN3
Added Net: Name=IN4
Add Class: Class already exists: Designator
Add Class: Class already exists: Designator
Add Class: Class already exists: Designator
Add Class Member: Failed to add class member : Component C19_1 (C19) Capacitor
Add Class Member: Failed to add class member : Component C19_2 (C19) Capacitor
Add Class Member: Failed to add class member : Component C19_3 (C19) Capacitor
Add Class Member: Failed to add class member : Component C19_4 (C19) Capacitor
Add Class Member: Failed to add class member : Component C21_1 (C21) Capacitor
Add Class Member: Failed to add class member : Component C21_2 (C21) Capacitor
Add Class Member: Failed to add class member : Component C21_3 (C21) Capacitor
Add Class Member: Failed to add class member : Component C21_4 (C21) Capacitor
Add Class Member: Failed to add class member : Component C27_1 (C27) Capacitor
Add Class Member: Failed to add class member : Component C27_2 (C27) Capacitor
Add Class Member: Failed to add class member : Component C27_3 (C27) Capacitor
Add Class Member: Failed to add class member : Component C27_4 (C27) Capacitor
Change Room Name: Old Name=Designator_2 New Name=Designator
Change Room Name: Old Name=Designator_1 New Name=Designator
