Change Component Designator: OldDesignator= NewDesignator=C19B
Change Component Designator: OldDesignator= NewDesignator=C19C
Change Component Designator: OldDesignator= NewDesignator=C19D
Change Component Designator: OldDesignator= NewDesignator=C20B
Change Component Designator: OldDesignator= NewDesignator=C20C
Change Component Designator: OldDesignator= NewDesignator=C20D
Change Component Designator: OldDesignator= NewDesignator=C21B
Change Component Designator: OldDesignator= NewDesignator=C21C
Change Component Designator: OldDesignator= NewDesignator=C21D
Change Component Designator: OldDesignator= NewDesignator=C22B
Change Component Designator: OldDesignator= NewDesignator=C22C
Change Component Designator: OldDesignator= NewDesignator=C22D
Change Component Designator: OldDesignator= NewDesignator=C23B
Change Component Designator: OldDesignator= NewDesignator=C23C
Change Component Designator: OldDesignator= NewDesignator=C23D
Change Component Designator: OldDesignator= NewDesignator=C24B
Change Component Designator: OldDesignator= NewDesignator=C24C
Change Component Designator: OldDesignator= NewDesignator=C24D
Change Component Designator: OldDesignator= NewDesignator=C25B
Change Component Designator: OldDesignator= NewDesignator=C25C
Change Component Designator: OldDesignator= NewDesignator=C25D
Change Component Designator: OldDesignator= NewDesignator=C26B
Change Component Designator: OldDesignator= NewDesignator=C26C
Change Component Designator: OldDesignator= NewDesignator=C26D
Change Component Designator: OldDesignator= NewDesignator=C27B
Change Component Designator: OldDesignator= NewDesignator=C27C
Change Component Designator: OldDesignator= NewDesignator=C27D
Change Component Designator: OldDesignator= NewDesignator=C28B
Change Component Designator: OldDesignator= NewDesignator=C28C
Change Component Designator: OldDesignator= NewDesignator=C28D
Change Component Designator: OldDesignator= NewDesignator=C29B
Change Component Designator: OldDesignator= NewDesignator=C29C
Change Component Designator: OldDesignator= NewDesignator=C29D
Change Component Designator: OldDesignator= NewDesignator=C30B
Change Component Designator: OldDesignator= NewDesignator=C30C
Change Component Designator: OldDesignator= NewDesignator=C30D
Change Component Designator: OldDesignator= NewDesignator=C31B
Change Component Designator: OldDesignator= NewDesignator=C31C
Change Component Designator: OldDesignator= NewDesignator=C31D
Change Component Designator: OldDesignator= NewDesignator=C32B
Change Component Designator: OldDesignator= NewDesignator=C32C
Change Component Designator: OldDesignator= NewDesignator=C32D
Change Component Designator: OldDesignator= NewDesignator=C33B
Change Component Designator: OldDesignator= NewDesignator=C33C
Change Component Designator: OldDesignator= NewDesignator=C33D
Change Component Designator: OldDesignator= NewDesignator=DA1B
Change Component Designator: OldDesignator= NewDesignator=DA1C
Change Component Designator: OldDesignator= NewDesignator=DA1D
Change Component Designator: OldDesignator= NewDesignator=DD3B
Change Component Designator: OldDesignator= NewDesignator=DD3C
Change Component Designator: OldDesignator= NewDesignator=DD3D
Change Component Designator: OldDesignator= NewDesignator=DD4B
Change Component Designator: OldDesignator= NewDesignator=DD4C
Change Component Designator: OldDesignator= NewDesignator=DD4D
Change Component Designator: OldDesignator= NewDesignator=R15B
Change Component Designator: OldDesignator= NewDesignator=R15C
Change Component Designator: OldDesignator= NewDesignator=R15D
Change Component Designator: OldDesignator= NewDesignator=R16B
Change Component Designator: OldDesignator= NewDesignator=R16C
Change Component Designator: OldDesignator= NewDesignator=R16D
Change Component Designator: OldDesignator= NewDesignator=R17B
Change Component Designator: OldDesignator= NewDesignator=R17C
Change Component Designator: OldDesignator= NewDesignator=R17D
Change Component Designator: OldDesignator= NewDesignator=R18B
Change Component Designator: OldDesignator= NewDesignator=R18C
Change Component Designator: OldDesignator= NewDesignator=R18D
Change Component Designator: OldDesignator= NewDesignator=R19B
Change Component Designator: OldDesignator= NewDesignator=R19C
Change Component Designator: OldDesignator= NewDesignator=R19D
Change Component Designator: OldDesignator= NewDesignator=R20B
Change Component Designator: OldDesignator= NewDesignator=R20C
Change Component Designator: OldDesignator= NewDesignator=R20D
Change Component Designator: OldDesignator= NewDesignator=R21B
Change Component Designator: OldDesignator= NewDesignator=R21C
Change Component Designator: OldDesignator= NewDesignator=R21D
Change Component Designator: OldDesignator= NewDesignator=R22B
Change Component Designator: OldDesignator= NewDesignator=R22C
Change Component Designator: OldDesignator= NewDesignator=R22D
Change Component Designator: OldDesignator= NewDesignator=R23B
Change Component Designator: OldDesignator= NewDesignator=R23C
Change Component Designator: OldDesignator= NewDesignator=R23D
Change Component Designator: OldDesignator= NewDesignator=R24B
Change Component Designator: OldDesignator= NewDesignator=R24C
Change Component Designator: OldDesignator= NewDesignator=R24D
Change Component Designator: OldDesignator= NewDesignator=R25B
Change Component Designator: OldDesignator= NewDesignator=R25C
Change Component Designator: OldDesignator= NewDesignator=R25D
Change Component Designator: OldDesignator= NewDesignator=R26B
Change Component Designator: OldDesignator= NewDesignator=R26C
Change Component Designator: OldDesignator= NewDesignator=R26D
Change Component Designator: OldDesignator= NewDesignator=R27B
Change Component Designator: OldDesignator= NewDesignator=R27C
Change Component Designator: OldDesignator= NewDesignator=R27D
Change Component Designator: OldDesignator= NewDesignator=R28B
Change Component Designator: OldDesignator= NewDesignator=R28C
Change Component Designator: OldDesignator= NewDesignator=R28D
Change Component Designator: OldDesignator= NewDesignator=R29B
Change Component Designator: OldDesignator= NewDesignator=R29C
Change Component Designator: OldDesignator= NewDesignator=R29D
Change Component Designator: OldDesignator= NewDesignator=R30B
Change Component Designator: OldDesignator= NewDesignator=R30C
Change Component Designator: OldDesignator= NewDesignator=R30D
Change Component Designator: OldDesignator= NewDesignator=R31B
Change Component Designator: OldDesignator= NewDesignator=R31C
Change Component Designator: OldDesignator= NewDesignator=R31D
Change Component Designator: OldDesignator= NewDesignator=VD3B
Change Component Designator: OldDesignator= NewDesignator=VD3C
Change Component Designator: OldDesignator= NewDesignator=VD3D
Added Member To Class: ClassName=C Member=Component C19B (C19) Capacitor
Added Member To Class: ClassName=D Member=Component C19C (C19) Capacitor
Added Member To Class: ClassName=E Member=Component C19D (C19) Capacitor
Added Member To Class: ClassName=C Member=Component C20B (C20) Capacitor
Added Member To Class: ClassName=D Member=Component C20C (C20) Capacitor
Added Member To Class: ClassName=E Member=Component C20D (C20) Capacitor
Added Member To Class: ClassName=C Member=Component C21B (C21) Capacitor
Added Member To Class: ClassName=D Member=Component C21C (C21) Capacitor
Added Member To Class: ClassName=E Member=Component C21D (C21) Capacitor
Added Member To Class: ClassName=C Member=Component C22B (C22) Capacitor
Added Member To Class: ClassName=D Member=Component C22C (C22) Capacitor
Added Member To Class: ClassName=E Member=Component C22D (C22) Capacitor
Added Member To Class: ClassName=C Member=Component C23B (C23) Capacitor
Added Member To Class: ClassName=D Member=Component C23C (C23) Capacitor
Added Member To Class: ClassName=E Member=Component C23D (C23) Capacitor
Added Member To Class: ClassName=C Member=Component C24B (C24) Capacitor
Added Member To Class: ClassName=D Member=Component C24C (C24) Capacitor
Added Member To Class: ClassName=E Member=Component C24D (C24) Capacitor
Added Member To Class: ClassName=C Member=Component C25B (C25) Capacitor
Added Member To Class: ClassName=D Member=Component C25C (C25) Capacitor
Added Member To Class: ClassName=E Member=Component C25D (C25) Capacitor
Added Member To Class: ClassName=C Member=Component C26B (C26) Capacitor
Added Member To Class: ClassName=D Member=Component C26C (C26) Capacitor
Added Member To Class: ClassName=E Member=Component C26D (C26) Capacitor
Added Member To Class: ClassName=C Member=Component C27B (C27) Capacitor
Added Member To Class: ClassName=D Member=Component C27C (C27) Capacitor
Added Member To Class: ClassName=E Member=Component C27D (C27) Capacitor
Added Member To Class: ClassName=C Member=Component C28B (C28) Capacitor
Added Member To Class: ClassName=D Member=Component C28C (C28) Capacitor
Added Member To Class: ClassName=E Member=Component C28D (C28) Capacitor
Added Member To Class: ClassName=C Member=Component C29B (C29) Capacitor
Added Member To Class: ClassName=D Member=Component C29C (C29) Capacitor
Added Member To Class: ClassName=E Member=Component C29D (C29) Capacitor
Added Member To Class: ClassName=C Member=Component C30B (C30) Capacitor
Added Member To Class: ClassName=D Member=Component C30C (C30) Capacitor
Added Member To Class: ClassName=E Member=Component C30D (C30) Capacitor
Added Member To Class: ClassName=C Member=Component C31B (C31) Capacitor
Added Member To Class: ClassName=D Member=Component C31C (C31) Capacitor
Added Member To Class: ClassName=E Member=Component C31D (C31) Capacitor
Added Member To Class: ClassName=C Member=Component C32B (C32) Capacitor
Added Member To Class: ClassName=D Member=Component C32C (C32) Capacitor
Added Member To Class: ClassName=E Member=Component C32D (C32) Capacitor
Added Member To Class: ClassName=C Member=Component C33B (C33) Capacitor
Added Member To Class: ClassName=D Member=Component C33C (C33) Capacitor
Added Member To Class: ClassName=E Member=Component C33D (C33) Capacitor
Added Member To Class: ClassName=C Member=Component DA1B (DA1) AD8031
Added Member To Class: ClassName=D Member=Component DA1C (DA1) AD8031
Added Member To Class: ClassName=E Member=Component DA1D (DA1) AD8031
Added Member To Class: ClassName=C Member=Component DD3B (DD3) AD8656
Added Member To Class: ClassName=D Member=Component DD3C (DD3) AD8656
Added Member To Class: ClassName=E Member=Component DD3D (DD3) AD8656
Added Member To Class: ClassName=C Member=Component DD4B (DD4) AD8656
Added Member To Class: ClassName=D Member=Component DD4C (DD4) AD8656
Added Member To Class: ClassName=E Member=Component DD4D (DD4) AD8656
Added Member To Class: ClassName=C Member=Component R15B (R15) Resistor
Added Member To Class: ClassName=D Member=Component R15C (R15) Resistor
Added Member To Class: ClassName=E Member=Component R15D (R15) Resistor
Added Member To Class: ClassName=C Member=Component R16B (R16) Resistor
Added Member To Class: ClassName=D Member=Component R16C (R16) Resistor
Added Member To Class: ClassName=E Member=Component R16D (R16) Resistor
Added Member To Class: ClassName=C Member=Component R17B (R17) Resistor
Added Member To Class: ClassName=D Member=Component R17C (R17) Resistor
Added Member To Class: ClassName=E Member=Component R17D (R17) Resistor
Added Member To Class: ClassName=C Member=Component R18B (R18) Resistor
Added Member To Class: ClassName=D Member=Component R18C (R18) Resistor
Added Member To Class: ClassName=E Member=Component R18D (R18) Resistor
Added Member To Class: ClassName=C Member=Component R19B (R19) Resistor
Added Member To Class: ClassName=D Member=Component R19C (R19) Resistor
Added Member To Class: ClassName=E Member=Component R19D (R19) Resistor
Added Member To Class: ClassName=C Member=Component R20B (R20) Resistor
Added Member To Class: ClassName=D Member=Component R20C (R20) Resistor
Added Member To Class: ClassName=E Member=Component R20D (R20) Resistor
Added Member To Class: ClassName=C Member=Component R21B (R21) Resistor
Added Member To Class: ClassName=D Member=Component R21C (R21) Resistor
Added Member To Class: ClassName=E Member=Component R21D (R21) Resistor
Added Member To Class: ClassName=C Member=Component R22B (R22) Resistor
Added Member To Class: ClassName=D Member=Component R22C (R22) Resistor
Added Member To Class: ClassName=E Member=Component R22D (R22) Resistor
Added Member To Class: ClassName=C Member=Component R23B (R23) Resistor
Added Member To Class: ClassName=D Member=Component R23C (R23) Resistor
Added Member To Class: ClassName=E Member=Component R23D (R23) Resistor
Added Member To Class: ClassName=C Member=Component R24B (R24) Resistor
Added Member To Class: ClassName=D Member=Component R24C (R24) Resistor
Added Member To Class: ClassName=E Member=Component R24D (R24) Resistor
Added Member To Class: ClassName=C Member=Component R25B (R25) Resistor
Added Member To Class: ClassName=D Member=Component R25C (R25) Resistor
Added Member To Class: ClassName=E Member=Component R25D (R25) Resistor
Added Member To Class: ClassName=C Member=Component R26B (R26) Resistor
Added Member To Class: ClassName=D Member=Component R26C (R26) Resistor
Added Member To Class: ClassName=E Member=Component R26D (R26) Resistor
Added Member To Class: ClassName=C Member=Component R27B (R27) Resistor
Added Member To Class: ClassName=D Member=Component R27C (R27) Resistor
Added Member To Class: ClassName=E Member=Component R27D (R27) Resistor
Added Member To Class: ClassName=C Member=Component R28B (R28) Resistor
Added Member To Class: ClassName=D Member=Component R28C (R28) Resistor
Added Member To Class: ClassName=E Member=Component R28D (R28) Resistor
Added Member To Class: ClassName=C Member=Component R29B (R29) Resistor
Added Member To Class: ClassName=D Member=Component R29C (R29) Resistor
Added Member To Class: ClassName=E Member=Component R29D (R29) Resistor
Added Member To Class: ClassName=C Member=Component R30B (R30) Resistor
Added Member To Class: ClassName=D Member=Component R30C (R30) Resistor
Added Member To Class: ClassName=E Member=Component R30D (R30) Resistor
Added Member To Class: ClassName=C Member=Component R31B (R31) Resistor
Added Member To Class: ClassName=D Member=Component R31C (R31) Resistor
Added Member To Class: ClassName=E Member=Component R31D (R31) Resistor
Added Member To Class: ClassName=C Member=Component VD3B (VD3) BAV99
Added Member To Class: ClassName=D Member=Component VD3C (VD3) BAV99
Added Member To Class: ClassName=E Member=Component VD3D (VD3) BAV99
