Removed Pin From Net: NetName=VREFAA Pin=C27B-2
Removed Pin From Net: NetName=VREFAA Pin=C27C-2
Removed Pin From Net: NetName=VREFAA Pin=C27D-2
Removed Pin From Net: NetName=VREFAA Pin=C28B-2
Removed Pin From Net: NetName=VREFAA Pin=C28C-2
Removed Pin From Net: NetName=VREFAA Pin=C28D-2
Removed Pin From Net: NetName=VREFAA Pin=DA1B-1
Removed Pin From Net: NetName=VREFAA Pin=DA1C-1
Removed Pin From Net: NetName=VREFAA Pin=DA1D-1
Removed Pin From Net: NetName=VREFAA Pin=DD3B-5
Removed Pin From Net: NetName=VREFAA Pin=DD3C-5
Removed Pin From Net: NetName=VREFAA Pin=DD3D-5
Removed Pin From Net: NetName=VREFAA Pin=DD4B-3
Removed Pin From Net: NetName=VREFAA Pin=DD4B-5
Removed Pin From Net: NetName=VREFAA Pin=DD4C-3
Removed Pin From Net: NetName=VREFAA Pin=DD4C-5
Removed Pin From Net: NetName=VREFAA Pin=DD4D-3
Removed Pin From Net: NetName=VREFAA Pin=DD4D-5
Removed Pin From Net: NetName=VREFAA Pin=R16B-1
Removed Pin From Net: NetName=VREFAA Pin=R16C-1
Removed Pin From Net: NetName=VREFAA Pin=R16D-1
Removed Pin From Net: NetName=VREFAA Pin=R17B-1
Removed Pin From Net: NetName=VREFAA Pin=R17C-1
Removed Pin From Net: NetName=VREFAA Pin=R17D-1
Removed Pin From Net: NetName=VREFAA Pin=R21B-2
Removed Pin From Net: NetName=VREFAA Pin=R21C-2
Removed Pin From Net: NetName=VREFAA Pin=R21D-2
Removed Pin From Net: NetName=VREFAA Pin=R23B-2
Removed Pin From Net: NetName=VREFAA Pin=R23C-2
Removed Pin From Net: NetName=VREFAA Pin=R23D-2
Removed Pin From Net: NetName=VREFAA Pin=R26B-1
Removed Pin From Net: NetName=VREFAA Pin=R26C-1
Removed Pin From Net: NetName=VREFAA Pin=R26D-1
Removed Pin From Net: NetName=VREFAA Pin=R28B-1
Removed Pin From Net: NetName=VREFAA Pin=R28C-1
Removed Pin From Net: NetName=VREFAA Pin=R28D-1
Added Pin To Net: NetName=VREFAB Pin=C27B-2
Added Pin To Net: NetName=VREFAB Pin=C28B-2
Added Pin To Net: NetName=VREFAB Pin=DA1B-1
Added Pin To Net: NetName=VREFAB Pin=DD3B-5
Added Pin To Net: NetName=VREFAB Pin=DD4B-3
Added Pin To Net: NetName=VREFAB Pin=DD4B-5
Added Pin To Net: NetName=VREFAB Pin=R16B-1
Added Pin To Net: NetName=VREFAB Pin=R17B-1
Added Pin To Net: NetName=VREFAB Pin=R21B-2
Added Pin To Net: NetName=VREFAB Pin=R23B-2
Added Pin To Net: NetName=VREFAB Pin=R26B-1
Added Pin To Net: NetName=VREFAB Pin=R28B-1
Added Net: Name=VREFAB
Added Pin To Net: NetName=VREFAC Pin=C27C-2
Added Pin To Net: NetName=VREFAC Pin=C28C-2
Added Pin To Net: NetName=VREFAC Pin=DA1C-1
Added Pin To Net: NetName=VREFAC Pin=DD3C-5
Added Pin To Net: NetName=VREFAC Pin=DD4C-3
Added Pin To Net: NetName=VREFAC Pin=DD4C-5
Added Pin To Net: NetName=VREFAC Pin=R16C-1
Added Pin To Net: NetName=VREFAC Pin=R17C-1
Added Pin To Net: NetName=VREFAC Pin=R21C-2
Added Pin To Net: NetName=VREFAC Pin=R23C-2
Added Pin To Net: NetName=VREFAC Pin=R26C-1
Added Pin To Net: NetName=VREFAC Pin=R28C-1
Added Net: Name=VREFAC
Added Pin To Net: NetName=VREFAD Pin=C27D-2
Added Pin To Net: NetName=VREFAD Pin=C28D-2
Added Pin To Net: NetName=VREFAD Pin=DA1D-1
Added Pin To Net: NetName=VREFAD Pin=DD3D-5
Added Pin To Net: NetName=VREFAD Pin=DD4D-3
Added Pin To Net: NetName=VREFAD Pin=DD4D-5
Added Pin To Net: NetName=VREFAD Pin=R16D-1
Added Pin To Net: NetName=VREFAD Pin=R17D-1
Added Pin To Net: NetName=VREFAD Pin=R21D-2
Added Pin To Net: NetName=VREFAD Pin=R23D-2
Added Pin To Net: NetName=VREFAD Pin=R26D-1
Added Pin To Net: NetName=VREFAD Pin=R28D-1
Added Net: Name=VREFAD
