Change Component Designator: OldDesignator=C19B NewDesignator=C19A
Change Component Designator: OldDesignator=C19C NewDesignator=C19B
Change Component Designator: OldDesignator=C19D NewDesignator=C19C
Change Component Designator: OldDesignator=C19E NewDesignator=C19D
Change Component Designator: OldDesignator=C20B NewDesignator=C20A
Change Component Designator: OldDesignator=C20C NewDesignator=C20B
Change Component Designator: OldDesignator=C20D NewDesignator=C20C
Change Component Designator: OldDesignator=C20E NewDesignator=C20D
Change Component Designator: OldDesignator=C21B NewDesignator=C21A
Change Component Designator: OldDesignator=C21C NewDesignator=C21B
Change Component Designator: OldDesignator=C21D NewDesignator=C21C
Change Component Designator: OldDesignator=C21E NewDesignator=C21D
Change Component Designator: OldDesignator=C22B NewDesignator=C22A
Change Component Designator: OldDesignator=C22C NewDesignator=C22B
Change Component Designator: OldDesignator=C22D NewDesignator=C22C
Change Component Designator: OldDesignator=C22E NewDesignator=C22D
Change Component Designator: OldDesignator=C23B NewDesignator=C23A
Change Component Designator: OldDesignator=C23C NewDesignator=C23B
Change Component Designator: OldDesignator=C23D NewDesignator=C23C
Change Component Designator: OldDesignator=C23E NewDesignator=C23D
Change Component Designator: OldDesignator=C24B NewDesignator=C24A
Change Component Designator: OldDesignator=C24C NewDesignator=C24B
Change Component Designator: OldDesignator=C24D NewDesignator=C24C
Change Component Designator: OldDesignator=C24E NewDesignator=C24D
Change Component Designator: OldDesignator=C25B NewDesignator=C25A
Change Component Designator: OldDesignator=C25C NewDesignator=C25B
Change Component Designator: OldDesignator=C25D NewDesignator=C25C
Change Component Designator: OldDesignator=C25E NewDesignator=C25D
Change Component Designator: OldDesignator=C26B NewDesignator=C26A
Change Component Designator: OldDesignator=C26C NewDesignator=C26B
Change Component Designator: OldDesignator=C26D NewDesignator=C26C
Change Component Designator: OldDesignator=C26E NewDesignator=C26D
Change Component Designator: OldDesignator=C27B NewDesignator=C27A
Change Component Designator: OldDesignator=C27C NewDesignator=C27B
Change Component Designator: OldDesignator=C27D NewDesignator=C27C
Change Component Designator: OldDesignator=C27E NewDesignator=C27D
Change Component Designator: OldDesignator=C28B NewDesignator=C28A
Change Component Designator: OldDesignator=C28C NewDesignator=C28B
Change Component Designator: OldDesignator=C28D NewDesignator=C28C
Change Component Designator: OldDesignator=C28E NewDesignator=C28D
Change Component Designator: OldDesignator=C29B NewDesignator=C29A
Change Component Designator: OldDesignator=C29C NewDesignator=C29B
Change Component Designator: OldDesignator=C29D NewDesignator=C29C
Change Component Designator: OldDesignator=C29E NewDesignator=C29D
Change Component Designator: OldDesignator=C30B NewDesignator=C30A
Change Component Designator: OldDesignator=C30C NewDesignator=C30B
Change Component Designator: OldDesignator=C30D NewDesignator=C30C
Change Component Designator: OldDesignator=C30E NewDesignator=C30D
Change Component Designator: OldDesignator=C31B NewDesignator=C31A
Change Component Designator: OldDesignator=C31C NewDesignator=C31B
Change Component Designator: OldDesignator=C31D NewDesignator=C31C
Change Component Designator: OldDesignator=C31E NewDesignator=C31D
Change Component Designator: OldDesignator=C32B NewDesignator=C32A
Change Component Designator: OldDesignator=C32C NewDesignator=C32B
Change Component Designator: OldDesignator=C32D NewDesignator=C32C
Change Component Designator: OldDesignator=C32E NewDesignator=C32D
Change Component Designator: OldDesignator=C33B NewDesignator=C33A
Change Component Designator: OldDesignator=C33C NewDesignator=C33B
Change Component Designator: OldDesignator=C33D NewDesignator=C33C
Change Component Designator: OldDesignator=C33E NewDesignator=C33D
Change Component Designator: OldDesignator=DA1B NewDesignator=DA1A
Change Component Designator: OldDesignator=DA1C NewDesignator=DA1B
Change Component Designator: OldDesignator=DA1D NewDesignator=DA1C
Change Component Designator: OldDesignator=DA1E NewDesignator=DA1D
Change Component Designator: OldDesignator=DD3B NewDesignator=DD3A
Change Component Designator: OldDesignator=DD3C NewDesignator=DD3B
Change Component Designator: OldDesignator=DD3D NewDesignator=DD3C
Change Component Designator: OldDesignator=DD3E NewDesignator=DD3D
Change Component Designator: OldDesignator=DD4B NewDesignator=DD4A
Change Component Designator: OldDesignator=DD4C NewDesignator=DD4B
Change Component Designator: OldDesignator=DD4D NewDesignator=DD4C
Change Component Designator: OldDesignator=DD4E NewDesignator=DD4D
Change Component Designator: OldDesignator=R15B NewDesignator=R15A
Change Component Designator: OldDesignator=R15C NewDesignator=R15B
Change Component Designator: OldDesignator=R15D NewDesignator=R15C
Change Component Designator: OldDesignator=R15E NewDesignator=R15D
Change Component Designator: OldDesignator=R16B NewDesignator=R16A
Change Component Designator: OldDesignator=R16C NewDesignator=R16B
Change Component Designator: OldDesignator=R16D NewDesignator=R16C
Change Component Designator: OldDesignator=R16E NewDesignator=R16D
Change Component Designator: OldDesignator=R17B NewDesignator=R17A
Change Component Designator: OldDesignator=R17C NewDesignator=R17B
Change Component Designator: OldDesignator=R17D NewDesignator=R17C
Change Component Designator: OldDesignator=R17E NewDesignator=R17D
Change Component Designator: OldDesignator=R18B NewDesignator=R18A
Change Component Designator: OldDesignator=R18C NewDesignator=R18B
Change Component Designator: OldDesignator=R18D NewDesignator=R18C
Change Component Designator: OldDesignator=R18E NewDesignator=R18D
Change Component Designator: OldDesignator=R19B NewDesignator=R19A
Change Component Designator: OldDesignator=R19C NewDesignator=R19B
Change Component Designator: OldDesignator=R19D NewDesignator=R19C
Change Component Designator: OldDesignator=R19E NewDesignator=R19D
Change Component Designator: OldDesignator=R20B NewDesignator=R20A
Change Component Designator: OldDesignator=R20C NewDesignator=R20B
Change Component Designator: OldDesignator=R20D NewDesignator=R20C
Change Component Designator: OldDesignator=R20E NewDesignator=R20D
Change Component Designator: OldDesignator=R21B NewDesignator=R21A
Change Component Designator: OldDesignator=R21C NewDesignator=R21B
Change Component Designator: OldDesignator=R21D NewDesignator=R21C
Change Component Designator: OldDesignator=R21E NewDesignator=R21D
Change Component Designator: OldDesignator=R22B NewDesignator=R22A
Change Component Designator: OldDesignator=R22C NewDesignator=R22B
Change Component Designator: OldDesignator=R22D NewDesignator=R22C
Change Component Designator: OldDesignator=R22E NewDesignator=R22D
Change Component Designator: OldDesignator=R23B NewDesignator=R23A
Change Component Designator: OldDesignator=R23C NewDesignator=R23B
Change Component Designator: OldDesignator=R23D NewDesignator=R23C
Change Component Designator: OldDesignator=R23E NewDesignator=R23D
Change Component Designator: OldDesignator=R24B NewDesignator=R24A
Change Component Designator: OldDesignator=R24C NewDesignator=R24B
Change Component Designator: OldDesignator=R24D NewDesignator=R24C
Change Component Designator: OldDesignator=R24E NewDesignator=R24D
Change Component Designator: OldDesignator=R25B NewDesignator=R25A
Change Component Designator: OldDesignator=R25C NewDesignator=R25B
Change Component Designator: OldDesignator=R25D NewDesignator=R25C
Change Component Designator: OldDesignator=R25E NewDesignator=R25D
Change Component Designator: OldDesignator=R26B NewDesignator=R26A
Change Component Designator: OldDesignator=R26C NewDesignator=R26B
Change Component Designator: OldDesignator=R26D NewDesignator=R26C
Change Component Designator: OldDesignator=R26E NewDesignator=R26D
Change Component Designator: OldDesignator=R27B NewDesignator=R27A
Change Component Designator: OldDesignator=R27C NewDesignator=R27B
Change Component Designator: OldDesignator=R27D NewDesignator=R27C
Change Component Designator: OldDesignator=R27E NewDesignator=R27D
Change Component Designator: OldDesignator=R28B NewDesignator=R28A
Change Component Designator: OldDesignator=R28C NewDesignator=R28B
Change Component Designator: OldDesignator=R28D NewDesignator=R28C
Change Component Designator: OldDesignator=R28E NewDesignator=R28D
Change Component Designator: OldDesignator=R29B NewDesignator=R29A
Change Component Designator: OldDesignator=R29C NewDesignator=R29B
Change Component Designator: OldDesignator=R29D NewDesignator=R29C
Change Component Designator: OldDesignator=R29E NewDesignator=R29D
Change Component Designator: OldDesignator=R30B NewDesignator=R30A
Change Component Designator: OldDesignator=R30C NewDesignator=R30B
Change Component Designator: OldDesignator=R30D NewDesignator=R30C
Change Component Designator: OldDesignator=R30E NewDesignator=R30D
Change Component Designator: OldDesignator=R31B NewDesignator=R31A
Change Component Designator: OldDesignator=R31C NewDesignator=R31B
Change Component Designator: OldDesignator=R31D NewDesignator=R31C
Change Component Designator: OldDesignator=R31E NewDesignator=R31D
Change Component Designator: OldDesignator=VD3B NewDesignator=VD3A
Change Component Designator: OldDesignator=VD3C NewDesignator=VD3B
Change Component Designator: OldDesignator=VD3D NewDesignator=VD3C
Change Component Designator: OldDesignator=VD3E NewDesignator=VD3D
Change Net Name : Old Net Name=NetC19B_2 New Net Name=NetC19A_2
Change Net Name : Old Net Name=NetC19C_2 New Net Name=NetC19B_2
Change Net Name : Old Net Name=NetC19D_2 New Net Name=NetC19C_2
Change Net Name : Old Net Name=NetC19E_2 New Net Name=NetC19D_2
Change Net Name : Old Net Name=NetC20B_1 New Net Name=NetC20A_1
Change Net Name : Old Net Name=NetC20B_2 New Net Name=NetC20A_2
Change Net Name : Old Net Name=NetC20C_1 New Net Name=NetC20B_1
Change Net Name : Old Net Name=NetC20C_2 New Net Name=NetC20B_2
Change Net Name : Old Net Name=NetC20D_1 New Net Name=NetC20C_1
Change Net Name : Old Net Name=NetC20D_2 New Net Name=NetC20C_2
Change Net Name : Old Net Name=NetC20E_1 New Net Name=NetC20D_1
Change Net Name : Old Net Name=NetC20E_2 New Net Name=NetC20D_2
Change Net Name : Old Net Name=NetC21B_2 New Net Name=NetC21A_2
Change Net Name : Old Net Name=NetC21C_2 New Net Name=NetC21B_2
Change Net Name : Old Net Name=NetC21D_2 New Net Name=NetC21C_2
Change Net Name : Old Net Name=NetC21E_2 New Net Name=NetC21D_2
Change Net Name : Old Net Name=NetC25B_1 New Net Name=NetC25A_1
Change Net Name : Old Net Name=NetC25B_2 New Net Name=NetC25A_2
Change Net Name : Old Net Name=NetC25C_1 New Net Name=NetC25B_1
Change Net Name : Old Net Name=NetC25C_2 New Net Name=NetC25B_2
Change Net Name : Old Net Name=NetC25D_1 New Net Name=NetC25C_1
Change Net Name : Old Net Name=NetC25D_2 New Net Name=NetC25C_2
Change Net Name : Old Net Name=NetC25E_1 New Net Name=NetC25D_1
Change Net Name : Old Net Name=NetC25E_2 New Net Name=NetC25D_2
Change Net Name : Old Net Name=NetC26B_2 New Net Name=NetC26A_2
Change Net Name : Old Net Name=NetC26C_2 New Net Name=NetC26B_2
Change Net Name : Old Net Name=NetC26D_2 New Net Name=NetC26C_2
Change Net Name : Old Net Name=NetC26E_2 New Net Name=NetC26D_2
Change Net Name : Old Net Name=NetC29B_1 New Net Name=NetC29A_1
Change Net Name : Old Net Name=NetC29B_2 New Net Name=NetC29A_2
Change Net Name : Old Net Name=NetC29C_1 New Net Name=NetC29B_1
Change Net Name : Old Net Name=NetC29C_2 New Net Name=NetC29B_2
Change Net Name : Old Net Name=NetC29D_1 New Net Name=NetC29C_1
Change Net Name : Old Net Name=NetC29D_2 New Net Name=NetC29C_2
Change Net Name : Old Net Name=NetC29E_1 New Net Name=NetC29D_1
Change Net Name : Old Net Name=NetC29E_2 New Net Name=NetC29D_2
Change Net Name : Old Net Name=NetC30B_2 New Net Name=NetC30A_2
Change Net Name : Old Net Name=NetC30C_2 New Net Name=NetC30B_2
Change Net Name : Old Net Name=NetC30D_2 New Net Name=NetC30C_2
Change Net Name : Old Net Name=NetC30E_2 New Net Name=NetC30D_2
Change Net Name : Old Net Name=NetC32B_1 New Net Name=NetC32A_1
Change Net Name : Old Net Name=NetC32B_2 New Net Name=NetC32A_2
Change Net Name : Old Net Name=NetC32C_1 New Net Name=NetC32B_1
Change Net Name : Old Net Name=NetC32C_2 New Net Name=NetC32B_2
Change Net Name : Old Net Name=NetC32D_1 New Net Name=NetC32C_1
Change Net Name : Old Net Name=NetC32D_2 New Net Name=NetC32C_2
Change Net Name : Old Net Name=NetC32E_1 New Net Name=NetC32D_1
Change Net Name : Old Net Name=NetC32E_2 New Net Name=NetC32D_2
Change Net Name : Old Net Name=NetC33B_2 New Net Name=NetC33A_2
Change Net Name : Old Net Name=NetC33C_2 New Net Name=NetC33B_2
Change Net Name : Old Net Name=NetC33D_2 New Net Name=NetC33C_2
Change Net Name : Old Net Name=NetC33E_2 New Net Name=NetC33D_2
Change Net Name : Old Net Name=NetDA1B_4 New Net Name=NetDA1A_4
Change Net Name : Old Net Name=NetDA1C_4 New Net Name=NetDA1B_4
Change Net Name : Old Net Name=NetDA1D_4 New Net Name=NetDA1C_4
Change Net Name : Old Net Name=NetDA1E_4 New Net Name=NetDA1D_4
Change Net Name : Old Net Name=NetDD3B_1 New Net Name=NetDD3A_1
Change Net Name : Old Net Name=NetDD3B_2 New Net Name=NetDD3A_2
Change Net Name : Old Net Name=NetDD3C_1 New Net Name=NetDD3B_1
Change Net Name : Old Net Name=NetDD3C_2 New Net Name=NetDD3B_2
Change Net Name : Old Net Name=NetDD3D_1 New Net Name=NetDD3C_1
Change Net Name : Old Net Name=NetDD3D_2 New Net Name=NetDD3C_2
Change Net Name : Old Net Name=NetDD3E_1 New Net Name=NetDD3D_1
Change Net Name : Old Net Name=NetDD3E_2 New Net Name=NetDD3D_2
Change Net Name : Old Net Name=VREFAB New Net Name=VREFAA
Change Net Color : Old Net Color=RGB(255, 204, 255) New Net Color=Default
Added Rule: Name=Schematic Supply Nets_1
