Added Component: Designator=C7(CAP_SMD_10x12,7)
Add component (AddParameter): Name = "Capacity (uF)"; Value = "120"; VariantName = "[No Variations]"
Add component (AddParameter): Name = "Case"; Value = ""; VariantName = "[No Variations]"
Add component (AddParameter): Name = "Datasheet"; Value = "https://cdn.promelec.ru/upload/datasheet/6/a/AAB8000C177.pdf"; VariantName = "[No Variations]"
Add component (AddParameter): Name = "Manufactore"; Value = ""; VariantName = "[No Variations]"
Add component (AddParameter): Name = "Notice"; Value = ""; VariantName = "[No Variations]"
Add component (AddParameter): Name = "Part Number"; Value = "35SVPF120M"; VariantName = "[No Variations]"
Add component (AddParameter): Name = "Rate"; Value = ""; VariantName = "[No Variations]"
Add component (AddParameter): Name = "Shop"; Value = ""; VariantName = "[No Variations]"
Add component (AddParameter): Name = "Tolerance"; Value = "20"; VariantName = "[No Variations]"
Add component (AddParameter): Name = "Type"; Value = "SMD Aluminum"; VariantName = "[No Variations]"
Add component (AddParameter): Name = "Value"; Value = "120 ěę"; VariantName = "[No Variations]"
Add component (AddParameter): Name = "Voltage (V)"; Value = "35"; VariantName = "[No Variations]"
Add component (AddParameter): Name = "Ŕâňîđ"; Value = "glebmih"; VariantName = "[No Variations]"
Added Component: Designator=C9(CAP_SMD_10x12,7)
Add component (AddParameter): Name = "Capacity (uF)"; Value = "120"; VariantName = "[No Variations]"
Add component (AddParameter): Name = "Case"; Value = ""; VariantName = "[No Variations]"
Add component (AddParameter): Name = "Datasheet"; Value = "https://cdn.promelec.ru/upload/datasheet/6/a/AAB8000C177.pdf"; VariantName = "[No Variations]"
Add component (AddParameter): Name = "Manufactore"; Value = ""; VariantName = "[No Variations]"
Add component (AddParameter): Name = "Notice"; Value = ""; VariantName = "[No Variations]"
Add component (AddParameter): Name = "Part Number"; Value = "35SVPF120M"; VariantName = "[No Variations]"
Add component (AddParameter): Name = "Rate"; Value = ""; VariantName = "[No Variations]"
Add component (AddParameter): Name = "Shop"; Value = ""; VariantName = "[No Variations]"
Add component (AddParameter): Name = "Tolerance"; Value = "20"; VariantName = "[No Variations]"
Add component (AddParameter): Name = "Type"; Value = "SMD Aluminum"; VariantName = "[No Variations]"
Add component (AddParameter): Name = "Value"; Value = "120 ěę"; VariantName = "[No Variations]"
Add component (AddParameter): Name = "Voltage (V)"; Value = "35"; VariantName = "[No Variations]"
Add component (AddParameter): Name = "Ŕâňîđ"; Value = "glebmih"; VariantName = "[No Variations]"
Added Pin To Net: NetName=+24Â Pin=C7-1
Added Pin To Net: NetName=GND Pin=C7-2
Added Pin To Net: NetName=+24Â Pin=C9-1
Added Pin To Net: NetName=GND Pin=C9-2
Added Member To Class: ClassName=High voltage amp Member=Component C7 Capacitor
Added Member To Class: ClassName=High voltage amp Member=Component C9 Capacitor
