Change Component Footprint: Designator=XP2 Old Footprint=CWF-2 New Footprint=CWF-2
Change Component Footprint: Designator=XP4 Old Footprint=CWF-2 New Footprint=CWF-2
Change Component Footprint: Designator=XP5 Old Footprint=CWF-2 New Footprint=CWF-2
Change Component Footprint: Designator=XP6 Old Footprint=CWF-2 New Footprint=CWF-2
Change Component Footprint: Designator=XP7 Old Footprint=CWF-2 New Footprint=CWF-2
Change Component Footprint: Designator=XP8 Old Footprint=CWF-2 New Footprint=CWF-2
Add component: Footprint Not Found 1206C
Add component: Footprint Not Found 1206C
Add component: Footprint Not Found 1206C
Add component: Footprint Not Found 1206C
Add component: Footprint Not Found 0603C
Add component: Footprint Not Found 0603C
Add component: Footprint Not Found 0603C
Add component: Footprint Not Found 0603C
Add component: Footprint Not Found 0603C
Add component: Footprint Not Found 0603C
Add component: Footprint Not Found 0603C
Add component: Footprint Not Found 0603C
Add Pin To Net: Unknown Pin: Pin C19_1-1
Add Pin To Net: Unknown Pin: Pin C19_1-2
Add Pin To Net: Unknown Pin: Pin C19_2-1
Add Pin To Net: Unknown Pin: Pin C19_2-2
Add Pin To Net: Unknown Pin: Pin C19_3-1
Add Pin To Net: Unknown Pin: Pin C19_3-2
Add Pin To Net: Unknown Pin: Pin C19_4-1
Add Pin To Net: Unknown Pin: Pin C19_4-2
Add Pin To Net: Unknown Pin: Pin C21_1-1
Add Pin To Net: Unknown Pin: Pin C21_1-2
Add Pin To Net: Unknown Pin: Pin C21_2-1
Add Pin To Net: Unknown Pin: Pin C21_2-2
Add Pin To Net: Unknown Pin: Pin C21_3-1
Add Pin To Net: Unknown Pin: Pin C21_3-2
Add Pin To Net: Unknown Pin: Pin C21_4-1
Add Pin To Net: Unknown Pin: Pin C21_4-2
Add Pin To Net: Unknown Pin: Pin C27_1-1
Add Pin To Net: Unknown Pin: Pin C27_1-2
Add Pin To Net: Unknown Pin: Pin C27_2-1
Add Pin To Net: Unknown Pin: Pin C27_2-2
Add Pin To Net: Unknown Pin: Pin C27_3-1
Add Pin To Net: Unknown Pin: Pin C27_3-2
Add Pin To Net: Unknown Pin: Pin C27_4-1
Add Pin To Net: Unknown Pin: Pin C27_4-2
Add Net: Net with name "RE&DE" already exists
Add Net: Net with name "UART1_RX" already exists
Add Net: Net with name "UART1_TX" already exists
Add Class Member: Failed to add class member : Component C19_1 (C19) Capacitor
Add Class Member: Failed to add class member : Component C19_2 (C19) Capacitor
Add Class Member: Failed to add class member : Component C19_3 (C19) Capacitor
Add Class Member: Failed to add class member : Component C19_4 (C19) Capacitor
Add Class Member: Failed to add class member : Component C21_1 (C21) Capacitor
Add Class Member: Failed to add class member : Component C21_2 (C21) Capacitor
Add Class Member: Failed to add class member : Component C21_3 (C21) Capacitor
Add Class Member: Failed to add class member : Component C21_4 (C21) Capacitor
Add Class Member: Failed to add class member : Component C27_1 (C27) Capacitor
Add Class Member: Failed to add class member : Component C27_2 (C27) Capacitor
Add Class Member: Failed to add class member : Component C27_3 (C27) Capacitor
Add Class Member: Failed to add class member : Component C27_4 (C27) Capacitor
