Add Net: Net with name "NetDD?_3" already exists
Add Net: Net with name "NetDD?_4" already exists
Add Net: Net with name "NetDD?_5" already exists
Add Net: Net with name "NetDD?_6" already exists
Add Net: Net with name "NetDD?_8" already exists
Add Net: Net with name "NetR?_2" already exists
Add Net: Net with name "NetR?_2" already exists
Add Net: Net with name "NetR?_2" already exists
Add Net: Net with name "NetR?_2" already exists
Added Member To Class: ClassName=HV_amplifier Member=Component C? Capacitor
Added Member To Class: ClassName=HV_amplifier Member=Component DD? UCC27211
Added Member To Class: ClassName=HV_amplifier Member=Component R? Resistor
Added Member To Class: ClassName=HV_amplifier Member=Component R? Resistor
Added Member To Class: ClassName=HV_amplifier Member=Component R? Resistor
Added Member To Class: ClassName=HV_amplifier Member=Component R? Resistor
Added Member To Class: ClassName=HV_amplifier Member=Component R? Resistor
Added Member To Class: ClassName=HV_amplifier Member=Component R? Resistor
Added Member To Class: ClassName=HV_amplifier Member=Component R? Resistor
Added Member To Class: ClassName=HV_amplifier Member=Component R? Resistor
Added Member To Class: ClassName=HV_amplifier Member=Component R? Resistor
Added Member To Class: ClassName=HV_amplifier Member=Component R? Resistor
Added Member To Class: ClassName=HV_amplifier Member=Component R? Resistor
Added Member To Class: ClassName=HV_amplifier Member=Component R? Resistor
Added Member To Class: ClassName=HV_amplifier Member=Component R? Resistor
Added Member To Class: ClassName=HV_amplifier Member=Component VT? CSD18534Q5A
Added Member To Class: ClassName=HV_amplifier Member=Component VT? CSD18534Q5A
Added Member To Class: ClassName=HV_amplifier Member=Component VT? CSD18534Q5A
