Add component: Footprint Not Found 0603C
Add component: Footprint Not Found 0603C
Add component: Footprint Not Found 0603C
Add component: Footprint Not Found 0603C
Add component: Footprint Not Found 0603C
Add component: Footprint Not Found 0603C
Add component: Footprint Not Found 0603C
Add component: Footprint Not Found 0603C
Add Pin To Net: Unknown Pin: Pin C20_1-1
Add Pin To Net: Unknown Pin: Pin C20_1-2
Add Pin To Net: Unknown Pin: Pin C20_2-1
Add Pin To Net: Unknown Pin: Pin C20_2-2
Add Pin To Net: Unknown Pin: Pin C20_3-1
Add Pin To Net: Unknown Pin: Pin C20_3-2
Add Pin To Net: Unknown Pin: Pin C20_4-1
Add Pin To Net: Unknown Pin: Pin C20_4-2
Add Pin To Net: Unknown Pin: Pin C26_1-1
Add Pin To Net: Unknown Pin: Pin C26_1-2
Add Pin To Net: Unknown Pin: Pin C26_2-1
Add Pin To Net: Unknown Pin: Pin C26_2-2
Add Pin To Net: Unknown Pin: Pin C26_3-1
Add Pin To Net: Unknown Pin: Pin C26_3-2
Add Pin To Net: Unknown Pin: Pin C26_4-1
Add Pin To Net: Unknown Pin: Pin C26_4-2
Add Class: Class already exists: Designator
Add Class Member: Failed to add class member : Component C20_1 (C20) Capacitor
Add Class Member: Failed to add class member : Component C20_2 (C20) Capacitor
Add Class Member: Failed to add class member : Component C20_3 (C20) Capacitor
Add Class Member: Failed to add class member : Component C20_4 (C20) Capacitor
Add Class Member: Failed to add class member : Component C26_1 (C26) Capacitor
Add Class Member: Failed to add class member : Component C26_2 (C26) Capacitor
Add Class Member: Failed to add class member : Component C26_3 (C26) Capacitor
Add Class Member: Failed to add class member : Component C26_4 (C26) Capacitor
Added Room: Name=1
Added Room: Name=2
Added Room: Name=3
Added Room: Name=4
Added Room: Name=Designator
Added Room: Name=Designator
