Change Physical Footprint: Designator=C8 Old Footprint=1210C New Footprint=1210C
Change Physical Footprint: Designator=C11 Old Footprint=1210C New Footprint=1210C
Change Physical Footprint: Designator=C35 Old Footprint=0603C New Footprint=0603C
Change Physical Footprint: Designator=DD7 Old Footprint=SOT23-8 New Footprint=SOT23-8
Change Physical Footprint: Designator=R1 Old Footprint=0603R New Footprint=0603R
Change Physical Footprint: Designator=R2 Old Footprint=0603R New Footprint=0603R
Change Physical Footprint: Designator=R3 Old Footprint=0603R New Footprint=0603R
Change Physical Footprint: Designator=R4 Old Footprint=0603R New Footprint=0603R
Change Physical Footprint: Designator=R5 Old Footprint=0603R New Footprint=0603R
Change Physical Footprint: Designator=R6 Old Footprint=0603R New Footprint=0603R
Change Physical Footprint: Designator=R7 Old Footprint=0603R New Footprint=0603R
Change Physical Footprint: Designator=R8 Old Footprint=0603R New Footprint=0603R
Change Physical Footprint: Designator=R9 Old Footprint=0805R New Footprint=0805R
Change Physical Footprint: Designator=R10 Old Footprint=0805R New Footprint=0805R
Change Physical Footprint: Designator=R11 Old Footprint=2512R New Footprint=2512R
Change Physical Footprint: Designator=R12 Old Footprint=2512R New Footprint=2512R
Change Physical Footprint: Designator=R13 Old Footprint=2512R New Footprint=2512R
Change Physical Footprint: Designator=R14 Old Footprint=2512R New Footprint=2512R
Change Physical Footprint: Designator=R15A Old Footprint=0805R New Footprint=0805R
Change Physical Footprint: Designator=R15B Old Footprint=0805R New Footprint=0805R
Change Physical Footprint: Designator=R15C Old Footprint=0805R New Footprint=0805R
Change Physical Footprint: Designator=R15D Old Footprint=0805R New Footprint=0805R
Change Physical Footprint: Designator=R16A Old Footprint=0603R New Footprint=0603R
Change Physical Footprint: Designator=R16B Old Footprint=0603R New Footprint=0603R
Change Physical Footprint: Designator=R16C Old Footprint=0603R New Footprint=0603R
Change Physical Footprint: Designator=R16D Old Footprint=0603R New Footprint=0603R
Change Physical Footprint: Designator=R17A Old Footprint=0603R New Footprint=0603R
Change Physical Footprint: Designator=R17B Old Footprint=0603R New Footprint=0603R
Change Physical Footprint: Designator=R17C Old Footprint=0603R New Footprint=0603R
Change Physical Footprint: Designator=R17D Old Footprint=0603R New Footprint=0603R
Change Physical Footprint: Designator=R18A Old Footprint=0603R New Footprint=0603R
Change Physical Footprint: Designator=R18B Old Footprint=0603R New Footprint=0603R
Change Physical Footprint: Designator=R18C Old Footprint=0603R New Footprint=0603R
Change Physical Footprint: Designator=R18D Old Footprint=0603R New Footprint=0603R
Change Physical Footprint: Designator=R19A Old Footprint=0603R New Footprint=0603R
Change Physical Footprint: Designator=R19B Old Footprint=0603R New Footprint=0603R
Change Physical Footprint: Designator=R19C Old Footprint=0603R New Footprint=0603R
Change Physical Footprint: Designator=R19D Old Footprint=0603R New Footprint=0603R
Change Physical Footprint: Designator=R20A Old Footprint=0603R New Footprint=0603R
Change Physical Footprint: Designator=R20B Old Footprint=0603R New Footprint=0603R
Change Physical Footprint: Designator=R20C Old Footprint=0603R New Footprint=0603R
Change Physical Footprint: Designator=R20D Old Footprint=0603R New Footprint=0603R
Change Physical Footprint: Designator=R21A Old Footprint=0603R New Footprint=0603R
Change Physical Footprint: Designator=R21B Old Footprint=0603R New Footprint=0603R
Change Physical Footprint: Designator=R21C Old Footprint=0603R New Footprint=0603R
Change Physical Footprint: Designator=R21D Old Footprint=0603R New Footprint=0603R
Change Physical Footprint: Designator=R22A Old Footprint=0603R New Footprint=0603R
Change Physical Footprint: Designator=R22B Old Footprint=0603R New Footprint=0603R
Change Physical Footprint: Designator=R22C Old Footprint=0603R New Footprint=0603R
Change Physical Footprint: Designator=R22D Old Footprint=0603R New Footprint=0603R
Change Physical Footprint: Designator=R23A Old Footprint=0603R New Footprint=0603R
Change Physical Footprint: Designator=R23B Old Footprint=0603R New Footprint=0603R
Change Physical Footprint: Designator=R23C Old Footprint=0603R New Footprint=0603R
Change Physical Footprint: Designator=R23D Old Footprint=0603R New Footprint=0603R
Change Physical Footprint: Designator=R24A Old Footprint=0603R New Footprint=0603R
Change Physical Footprint: Designator=R24B Old Footprint=0603R New Footprint=0603R
Change Physical Footprint: Designator=R24C Old Footprint=0603R New Footprint=0603R
Change Physical Footprint: Designator=R24D Old Footprint=0603R New Footprint=0603R
Change Physical Footprint: Designator=R25A Old Footprint=0603R New Footprint=0603R
Change Physical Footprint: Designator=R25B Old Footprint=0603R New Footprint=0603R
Change Physical Footprint: Designator=R25C Old Footprint=0603R New Footprint=0603R
Change Physical Footprint: Designator=R25D Old Footprint=0603R New Footprint=0603R
Change Physical Footprint: Designator=R26A Old Footprint=0603R New Footprint=0603R
Change Physical Footprint: Designator=R26B Old Footprint=0603R New Footprint=0603R
Change Physical Footprint: Designator=R26C Old Footprint=0603R New Footprint=0603R
Change Physical Footprint: Designator=R26D Old Footprint=0603R New Footprint=0603R
Change Physical Footprint: Designator=R27A Old Footprint=0603R New Footprint=0603R
Change Physical Footprint: Designator=R27B Old Footprint=0603R New Footprint=0603R
Change Physical Footprint: Designator=R27C Old Footprint=0603R New Footprint=0603R
Change Physical Footprint: Designator=R27D Old Footprint=0603R New Footprint=0603R
Change Physical Footprint: Designator=R28A Old Footprint=0603R New Footprint=0603R
Change Physical Footprint: Designator=R28B Old Footprint=0603R New Footprint=0603R
Change Physical Footprint: Designator=R28C Old Footprint=0603R New Footprint=0603R
Change Physical Footprint: Designator=R28D Old Footprint=0603R New Footprint=0603R
Change Physical Footprint: Designator=R29A Old Footprint=0603R New Footprint=0603R
Change Physical Footprint: Designator=R29B Old Footprint=0603R New Footprint=0603R
Change Physical Footprint: Designator=R29C Old Footprint=0603R New Footprint=0603R
Change Physical Footprint: Designator=R29D Old Footprint=0603R New Footprint=0603R
Change Physical Footprint: Designator=R30A Old Footprint=0603R New Footprint=0603R
Change Physical Footprint: Designator=R30B Old Footprint=0603R New Footprint=0603R
Change Physical Footprint: Designator=R30C Old Footprint=0603R New Footprint=0603R
Change Physical Footprint: Designator=R30D Old Footprint=0603R New Footprint=0603R
Change Physical Footprint: Designator=R31A Old Footprint=0603R New Footprint=0603R
Change Physical Footprint: Designator=R31B Old Footprint=0603R New Footprint=0603R
Change Physical Footprint: Designator=R31C Old Footprint=0603R New Footprint=0603R
Change Physical Footprint: Designator=R31D Old Footprint=0603R New Footprint=0603R
Change Physical Footprint: Designator=R32 Old Footprint=0603R New Footprint=0603R
Change Physical Footprint: Designator=R33 Old Footprint=0603R New Footprint=0603R
Change Physical Footprint: Designator=R34 Old Footprint=0603R New Footprint=0603R
Change Physical Footprint: Designator=R35 Old Footprint=0603R New Footprint=0603R
Change Physical Footprint: Designator=R36 Old Footprint=0603R New Footprint=0603R
Change Physical Footprint: Designator=R37 Old Footprint=0603R New Footprint=0603R
Change Physical Footprint: Designator=R38 Old Footprint=0603R New Footprint=0603R
Change Physical Footprint: Designator=R39 Old Footprint=0603R New Footprint=0603R
Change Physical Footprint: Designator=R40 Old Footprint=0603R New Footprint=0603R
Change Physical Footprint: Designator=R41 Old Footprint=0603R New Footprint=0603R
Change Physical Footprint: Designator=R42 Old Footprint=0603R New Footprint=0603R
Change Physical Footprint: Designator=R43 Old Footprint=0603R New Footprint=0603R
Change Physical Footprint: Designator=R44 Old Footprint=0603R New Footprint=0603R
Change Physical Footprint: Designator=R45 Old Footprint=0603R New Footprint=0603R
Change Physical Footprint: Designator=R46 Old Footprint=0603R New Footprint=0603R
Change Physical Footprint: Designator=R47 Old Footprint=0603R New Footprint=0603R
Change Physical Footprint: Designator=R48 Old Footprint=0603R New Footprint=0603R
Change Physical Footprint: Designator=R49 Old Footprint=0603R New Footprint=0603R
Change Physical Footprint: Designator=R50 Old Footprint=0603R New Footprint=0603R
Change Physical Footprint: Designator=R51 Old Footprint=0603R New Footprint=0603R
Change Physical Footprint: Designator=R52 Old Footprint=0603R New Footprint=0603R
Change Physical Footprint: Designator=R53 Old Footprint=0603R New Footprint=0603R
Change Physical Footprint: Designator=R54 Old Footprint=0603R New Footprint=0603R
Change Physical Footprint: Designator=R56 Old Footprint=0603R New Footprint=0603R
Change Physical Footprint: Designator=R57 Old Footprint=0603R New Footprint=0603R
Change Physical Footprint: Designator=VD1 Old Footprint=SMA New Footprint=SMA
Change Physical Footprint: Designator=VD7 Old Footprint=SOT23-6 New Footprint=SOT23-6
Change Physical Footprint: Designator=XP3 Old Footprint=PLS6 New Footprint=PLS6
