Change Component Designator: OldDesignator=C? NewDesignator=C1
Change Component Designator: OldDesignator=C? NewDesignator=C2
Change Component Designator: OldDesignator=DD? NewDesignator=DD1
Change Component Designator: OldDesignator=DD? NewDesignator=DD2
Change Component Designator: OldDesignator=L? NewDesignator=L1
Change Component Designator: OldDesignator=R? NewDesignator=R1
Change Component Designator: OldDesignator=R? NewDesignator=R2
Change Component Designator: OldDesignator=R? NewDesignator=R3
Change Component Designator: OldDesignator=R? NewDesignator=R4
Change Component Designator: OldDesignator=R? NewDesignator=R5
Change Component Designator: OldDesignator=R? NewDesignator=R6
Change Component Designator: OldDesignator=R? NewDesignator=R7
Change Component Designator: OldDesignator=R? NewDesignator=R8
Change Component Designator: OldDesignator=R? NewDesignator=R9
Change Component Designator: OldDesignator=R? NewDesignator=R10
Change Component Designator: OldDesignator=R? NewDesignator=R11
Change Component Designator: OldDesignator=R? NewDesignator=R12
Change Component Designator: OldDesignator=R? NewDesignator=R13
Change Component Designator: OldDesignator=R? NewDesignator=R14
Change Component Designator: OldDesignator=R? NewDesignator=R15
Change Component Designator: OldDesignator=R? NewDesignator=R16
Change Component Designator: OldDesignator=T? NewDesignator=T1
Change Component Designator: OldDesignator=VT? NewDesignator=VT1
Change Component Designator: OldDesignator=VT? NewDesignator=VT2
Change Component Designator: OldDesignator=VT? NewDesignator=VT3
Change Component Designator: OldDesignator=VT? NewDesignator=VT4
Added Component: Designator=VD1(SMA)
Add component (AddParameter): Name = "Current"; Value = "1 Ŕ"; VariantName = "[No Variations]"
Add component (AddParameter): Name = "Datasheet"; Value = "https://static.chipdip.ru/lib/867/DOC050867185.pdf"; VariantName = "[No Variations]"
Add component (AddParameter): Name = "Part Number"; Value = "SMA4007"; VariantName = "[No Variations]"
Add component (AddParameter): Name = "Voltage (V)"; Value = "1000"; VariantName = "[No Variations]"
Add component (AddParameter): Name = "Ŕâňîđ"; Value = "glebmih"; VariantName = "[No Variations]"
Added Component: Designator=VD2(SMA)
Add component (AddParameter): Name = "Current"; Value = "1 Ŕ"; VariantName = "[No Variations]"
Add component (AddParameter): Name = "Datasheet"; Value = "https://static.chipdip.ru/lib/867/DOC050867185.pdf"; VariantName = "[No Variations]"
Add component (AddParameter): Name = "Part Number"; Value = "SMA4007"; VariantName = "[No Variations]"
Add component (AddParameter): Name = "Voltage (V)"; Value = "1000"; VariantName = "[No Variations]"
Add component (AddParameter): Name = "Ŕâňîđ"; Value = "glebmih"; VariantName = "[No Variations]"
Change Net Name : Old Net Name=NetDD?_3 New Net Name=NetDD2_3
Change Net Name : Old Net Name=NetDD?_4 New Net Name=NetDD2_4
Change Net Name : Old Net Name=NetDD?_8 New Net Name=NetDD2_8
Change Net Name : Old Net Name=NetL?_3 New Net Name=NetL1_3
Change Net Name : Old Net Name=NetL?_9 New Net Name=NetL1_9
Change Net Name : Old Net Name=NetR?_1 New Net Name=NetR13_2
Change Net Name : Old Net Name=NetR?_2 New Net Name=NetR11_2
Added Pin To Net: NetName=NetDD1_3 Pin=DD1-3
Added Pin To Net: NetName=NetDD1_3 Pin=R9-1
Added Net: Name=NetDD1_3
Added Pin To Net: NetName=NetDD1_4 Pin=DD1-4
Added Pin To Net: NetName=NetDD1_4 Pin=T1-2
Added Pin To Net: NetName=NetDD1_4 Pin=VT1-1
Added Pin To Net: NetName=NetDD1_4 Pin=VT1-2
Added Pin To Net: NetName=NetDD1_4 Pin=VT1-3
Added Pin To Net: NetName=NetDD1_4 Pin=VT2-5
Added Pin To Net: NetName=NetDD1_4 Pin=VT2-5
Added Pin To Net: NetName=NetDD1_4 Pin=VT2-5
Added Pin To Net: NetName=NetDD1_4 Pin=VT2-5
Added Pin To Net: NetName=NetDD1_4 Pin=VT2-5
Added Net: Name=NetDD1_4
Added Pin To Net: NetName=NetDD1_5 Pin=DD1-5
Added Pin To Net: NetName=NetDD1_5 Pin=R1-2
Added Pin To Net: NetName=NetDD1_5 Pin=R7-2
Added Net: Name=NetDD1_5
Added Pin To Net: NetName=NetDD1_6 Pin=DD1-6
Added Pin To Net: NetName=NetDD1_6 Pin=R3-2
Added Pin To Net: NetName=NetDD1_6 Pin=R5-2
Added Net: Name=NetDD1_6
Added Pin To Net: NetName=NetDD1_8 Pin=DD1-8
Added Pin To Net: NetName=NetDD1_8 Pin=R10-1
Added Net: Name=NetDD1_8
Added Pin To Net: NetName=NetDD2_5 Pin=DD2-5
Added Pin To Net: NetName=NetDD2_5 Pin=R2-2
Added Pin To Net: NetName=NetDD2_5 Pin=R8-2
Added Net: Name=NetDD2_5
Added Pin To Net: NetName=NetDD2_6 Pin=DD2-6
Added Pin To Net: NetName=NetDD2_6 Pin=R4-2
Added Pin To Net: NetName=NetDD2_6 Pin=R6-2
Added Net: Name=NetDD2_6
Added Pin To Net: NetName=NetR1_1 Pin=R1-1
Added Net: Name=NetR1_1
Added Pin To Net: NetName=NetR2_1 Pin=R2-1
Added Net: Name=NetR2_1
Added Pin To Net: NetName=NetR3_1 Pin=R3-1
Added Net: Name=NetR3_1
Added Pin To Net: NetName=NetR4_1 Pin=R4-1
Added Net: Name=NetR4_1
Added Pin To Net: NetName=NetR9_2 Pin=R9-2
Added Pin To Net: NetName=NetR9_2 Pin=VT1-4
Added Net: Name=NetR9_2
Added Pin To Net: NetName=NetR10_2 Pin=R10-2
Added Pin To Net: NetName=NetR10_2 Pin=VT2-4
Added Net: Name=NetR10_2
Added Pin To Net: NetName=NetR12_2 Pin=R12-2
Added Pin To Net: NetName=NetR12_2 Pin=VT4-4
Added Net: Name=NetR12_2
Added Pin To Net: NetName=NetR15_2 Pin=R15-2
Added Pin To Net: NetName=NetR15_2 Pin=R16-2
Added Pin To Net: NetName=NetR15_2 Pin=VD1-1
Added Pin To Net: NetName=NetR15_2 Pin=VD2-2
Added Net: Name=NetR15_2
Added Pin To Net: NetName=NetT1_11 Pin=T1-11
Added Net: Name=NetT1_11
Added Pin To Net: NetName=NetVD1_2 Pin=VD1-2
Added Pin To Net: NetName=NetVD1_2 Pin=VD2-1
Added Net: Name=NetVD1_2
Added Member To Class: ClassName=HV_amplifier Member=Component C2 Capacitor
Added Member To Class: ClassName=HV_amplifier Member=Component DD1 UCC27211
Added Member To Class: ClassName=HV_amplifier Member=Component R1 Resistor
Added Member To Class: ClassName=HV_amplifier Member=Component R2 Resistor
Added Member To Class: ClassName=HV_amplifier Member=Component R4 Resistor
Added Member To Class: ClassName=HV_amplifier Member=Component R5 Resistor
Added Member To Class: ClassName=HV_amplifier Member=Component R6 Resistor
Added Member To Class: ClassName=HV_amplifier Member=Component R7 Resistor
Added Member To Class: ClassName=HV_amplifier Member=Component R8 Resistor
Added Member To Class: ClassName=HV_amplifier Member=Component R9 Resistor
Added Member To Class: ClassName=HV_amplifier Member=Component R10 Resistor
Added Member To Class: ClassName=HV_amplifier Member=Component R11 Resistor
Added Member To Class: ClassName=HV_amplifier Member=Component R12 Resistor
Added Member To Class: ClassName=HV_amplifier Member=Component R13 Resistor
Added Member To Class: ClassName=HV_amplifier Member=Component R14 Resistor
Added Member To Class: ClassName=HV_amplifier Member=Component R15 Resistor
Added Member To Class: ClassName=HV_amplifier Member=Component R16 Resistor
Added Member To Class: ClassName=HV_amplifier Member=Component VD1 SMA4007
Added Member To Class: ClassName=HV_amplifier Member=Component VD2 SMA4007
Added Member To Class: ClassName=HV_amplifier Member=Component VT2 CSD18534Q5A
Added Member To Class: ClassName=HV_amplifier Member=Component VT3 CSD18534Q5A
Added Member To Class: ClassName=HV_amplifier Member=Component VT4 CSD18534Q5A
