Added Component: Designator=R42(0603R)
Add component (AddParameter): Name = "Case"; Value = ""; VariantName = "[No Variations]"
Add component (AddParameter): Name = "Datasheet"; Value = ""; VariantName = "[No Variations]"
Add component (AddParameter): Name = "Manufactore"; Value = ""; VariantName = "[No Variations]"
Add component (AddParameter): Name = "Notice"; Value = ""; VariantName = "[No Variations]"
Add component (AddParameter): Name = "Part Number"; Value = "Resistor_0_5_0603"; VariantName = "[No Variations]"
Add component (AddParameter): Name = "Power"; Value = ""; VariantName = "[No Variations]"
Add component (AddParameter): Name = "Rate"; Value = ""; VariantName = "[No Variations]"
Add component (AddParameter): Name = "Shop"; Value = ""; VariantName = "[No Variations]"
Add component (AddParameter): Name = "Tolerance"; Value = "5%"; VariantName = "[No Variations]"
Add component (AddParameter): Name = "Value"; Value = "0"; VariantName = "[No Variations]"
Add component (AddParameter): Name = "Àâòîð"; Value = "glebmih"; VariantName = "[No Variations]"
Added Component: Designator=R43(0603R)
Add component (AddParameter): Name = "Case"; Value = ""; VariantName = "[No Variations]"
Add component (AddParameter): Name = "Datasheet"; Value = ""; VariantName = "[No Variations]"
Add component (AddParameter): Name = "Manufactore"; Value = ""; VariantName = "[No Variations]"
Add component (AddParameter): Name = "Notice"; Value = ""; VariantName = "[No Variations]"
Add component (AddParameter): Name = "Part Number"; Value = "Resistor_0_5_0603"; VariantName = "[No Variations]"
Add component (AddParameter): Name = "Power"; Value = ""; VariantName = "[No Variations]"
Add component (AddParameter): Name = "Rate"; Value = ""; VariantName = "[No Variations]"
Add component (AddParameter): Name = "Shop"; Value = ""; VariantName = "[No Variations]"
Add component (AddParameter): Name = "Tolerance"; Value = "5%"; VariantName = "[No Variations]"
Add component (AddParameter): Name = "Value"; Value = "0"; VariantName = "[No Variations]"
Add component (AddParameter): Name = "Àâòîð"; Value = "glebmih"; VariantName = "[No Variations]"
Added Pin To Net: NetName=PWM2_HI Pin=R42-1
Added Pin To Net: NetName=PWM1_LO Pin=R42-2
Added Pin To Net: NetName=PWM2_LO Pin=R43-1
Added Pin To Net: NetName=PWM1_HI Pin=R43-2
Added Member To Class: ClassName=STM32 Member=Component R42 Resistor
Added Member To Class: ClassName=STM32 Member=Component R43 Resistor
